
> remvana@1.0.0 dev
> cross-env NODE_ENV=development tsx --require dotenv/config server/index.ts

🔍 CORS Debug: {
  NODE_ENV: 'development',
  CORS_ORIGIN: 'http://localhost:5000',
  ALL_ENV_KEYS: [ 'CORS_ORIGIN' ],
  TOTAL_ENV_VARS: 158,
  RAILWAY_ENV: undefined,
  PORT: '5000',
  DATABASE_URL_EXISTS: true
}
⚠️  Using development SESSION_SECRET - NOT suitable for production
[2025-08-13T16:47:11.276Z] INFO: GeocodeCache initialized with 10000 max entries, 50MB max size
[2025-08-13T16:47:11.701Z] INFO: Static data preloaded into cache
✅ Loaded .env file for development
[2025-08-13T16:47:11.882Z] DEBUG: Created interval: interval-monitor (60000ms)
📂 Uploads directory path: C:\Users\Jonas\Desktop\NestMapRepo\uploads
📂 Uploads directory exists: true
📂 Sample files in uploads/covers: [
  '.gitkeep',
  'cover_template_remvana.png',
  'cover_template_remvana.webp'
]
🚀 Starting server initialization...
✅ Configuration validated
🔧 Environment check:
  - NODE_ENV: development
  - DATABASE_URL loaded: true
  - JWT_SECRET loaded: true
📍 Mounting API routes...
✅ API routes mounted successfully
[2025-08-13T16:52:11.718Z] INFO: Cache statistics {"hitRate":"0.00%","totalSize":"0.00MB","evictions":0}
[2025-08-13T16:57:11.739Z] INFO: Cache statistics {"hitRate":"0.00%","totalSize":"0.00MB","evictions":0}
[2025-08-13T17:02:11.747Z] INFO: Cache statistics {"hitRate":"0.00%","totalSize":"0.00MB","evictions":0}
[2025-08-13T17:07:11.758Z] INFO: Cache statistics {"hitRate":"0.00%","totalSize":"0.00MB","evictions":0}
[2025-08-13T17:12:11.766Z] INFO: Cache statistics {"hitRate":"0.00%","totalSize":"0.00MB","evictions":0}
[2025-08-13T17:17:11.780Z] INFO: Cache statistics {"hitRate":"0.00%","totalSize":"0.00MB","evictions":0}
[2025-08-13T17:22:11.789Z] INFO: Cache statistics {"hitRate":"0.00%","totalSize":"0.00MB","evictions":0}
[2025-08-13T17:27:11.792Z] INFO: Cache statistics {"hitRate":"0.00%","totalSize":"0.00MB","evictions":0}
[2025-08-13T17:32:11.792Z] INFO: Cache statistics {"hitRate":"0.00%","totalSize":"0.00MB","evictions":0}
[2025-08-13T17:37:11.793Z] INFO: Cache statistics {"hitRate":"0.00%","totalSize":"0.00MB","evictions":0}
[2025-08-13T17:42:11.793Z] INFO: Cache statistics {"hitRate":"0.00%","totalSize":"0.00MB","evictions":0}
[2025-08-13T17:47:11.795Z] INFO: Cache statistics {"hitRate":"0.00%","totalSize":"0.00MB","evictions":0}
[2025-08-13T17:52:11.809Z] INFO: Cache statistics {"hitRate":"0.00%","totalSize":"0.00MB","evictions":0}
